
|.. 
|.. |.. 
|.. |.. |.. 
|.. |.. |.. |.. 		{4.0, 97.54, 0, 78.46, 3, 2181.04, 16.45, 31.15}
|.. |.. |.. |.. 		{4.08, 99.6, 0, 73.48, 3, 2200.72, 16.41, 26.0}
|.. |.. |.. 
|.. |.. |.. |.. 		{4.0, 126.62, 0, 81.69, 1, 2510.38, 16.42, 30.77}
|.. |.. |.. |.. 		{4.25, 109.21, 0, 81.17, 3, 2264.88, 15.93, 33.75}
|.. |.. 
|.. |.. |.. 
|.. |.. |.. |.. 		{4.0, 123.35, 0, 78.38, 1, 2441.04, 16.2, 28.46}
|.. |.. |.. |.. 		{4.33, 116.0, 0, 78.79, 2, 2508.21, 17.57, 32.5}
|.. |.. |.. 
|.. |.. |.. |.. 		{4.12, 108.88, 0, 76.0, 2, 2449.4, 15.68, 27.2}
|.. |.. |.. |.. 		{4.0, 102.38, 0, 71.96, 2, 2288.71, 16.88, 25.83}
|.. 
|.. |.. 
|.. |.. |.. 
|.. |.. |.. |.. 		{4.38, 135.29, 0, 73.46, 1, 2455.73, 16.74, 24.23}
|.. |.. |.. |.. 		{6.0, 231.8, 0, 72.24, 1, 3143.48, 15.9, 20.0}
|.. |.. |.. 
|.. |.. |.. |.. 		{6.0, 235.2, 0, 76.2, 1, 3392.84, 17.59, 20.0}
|.. |.. |.. |.. 		{6.42, 228.96, 0, 79.42, 1, 3256.29, 16.14, 22.08}
|.. |.. 
|.. |.. |.. 
|.. |.. |.. |.. 		{8.0, 329.65, 0, 77.65, 1, 3958.12, 13.8, 19.23}
|.. |.. |.. |.. 		{8.0, 358.54, 0, 74.08, 1, 4400.67, 12.83, 12.92}
|.. |.. |.. 
|.. |.. |.. |.. 		{8.0, 389.2, 0, 71.16, 1, 4222.8, 11.38, 12.4}
|.. |.. |.. |.. 		{8.0, 316.57, 0, 71.48, 1, 3980.17, 12.96, 13.91}

                		{5.45, 193.43, 0, 76.01, 1, 2970.42, 15.57, 23.84}
                	{Clndrs, Volume, HpX, Model, origin, Lbs-, Acc+, Mpg+}
evals:  16
